Searching by tagname: ['tutorials']

+-------------------------------+
| Stage: Discovering Buildspecs |
+-------------------------------+ 
    

Discovered Buildspecs:
 
/Users/siddiq90/Documents/buildtest/tutorials/pass_returncode.yml
/Users/siddiq90/Documents/buildtest/tutorials/root_user.yml
/Users/siddiq90/Documents/buildtest/tutorials/run_only_platform.yml
/Users/siddiq90/Documents/buildtest/tutorials/compilers/pre_post_build_run.yml
/Users/siddiq90/Documents/buildtest/tutorials/environment.yml
/Users/siddiq90/Documents/buildtest/tutorials/compilers/vecadd.yml
/Users/siddiq90/Documents/buildtest/tutorials/shebang.yml
/Users/siddiq90/Documents/buildtest/tutorials/skip_tests.yml
/Users/siddiq90/Documents/buildtest/tutorials/shell_examples.yml
/Users/siddiq90/Documents/buildtest/tutorials/compilers/passing_args.yml
/Users/siddiq90/Documents/buildtest/tutorials/systemd.yml
/Users/siddiq90/Documents/buildtest/tutorials/selinux.yml
/Users/siddiq90/Documents/buildtest/tutorials/python-shell.yml
/Users/siddiq90/Documents/buildtest/tutorials/vars.yml
/Users/siddiq90/Documents/buildtest/tutorials/sleep.yml
/Users/siddiq90/Documents/buildtest/tutorials/compilers/gnu_hello.yml
/Users/siddiq90/Documents/buildtest/tutorials/hello_world.yml
[run_only_as_root] test is skipped because ['run_only']['user'] got value: root but detected user: siddiq90.
[run_only_platform_linux] test is skipped because ['run_only']['platform'] got value: Linux but detected platform: Darwin.
[skip] test is skipped.

+---------------------------+
| Stage: Parsing Buildspecs |
+---------------------------+ 
    
 schemafile                | validstate   | buildspec
---------------------------+--------------+--------------------------------------------------------------------------------
 script-v1.0.schema.json   | True         | /Users/siddiq90/Documents/buildtest/tutorials/pass_returncode.yml
 script-v1.0.schema.json   | True         | /Users/siddiq90/Documents/buildtest/tutorials/root_user.yml
 script-v1.0.schema.json   | True         | /Users/siddiq90/Documents/buildtest/tutorials/run_only_platform.yml
 compiler-v1.0.schema.json | True         | /Users/siddiq90/Documents/buildtest/tutorials/compilers/pre_post_build_run.yml
 script-v1.0.schema.json   | True         | /Users/siddiq90/Documents/buildtest/tutorials/environment.yml
 compiler-v1.0.schema.json | True         | /Users/siddiq90/Documents/buildtest/tutorials/compilers/vecadd.yml
 script-v1.0.schema.json   | True         | /Users/siddiq90/Documents/buildtest/tutorials/shebang.yml
 script-v1.0.schema.json   | True         | /Users/siddiq90/Documents/buildtest/tutorials/skip_tests.yml
 script-v1.0.schema.json   | True         | /Users/siddiq90/Documents/buildtest/tutorials/shell_examples.yml
 compiler-v1.0.schema.json | True         | /Users/siddiq90/Documents/buildtest/tutorials/compilers/passing_args.yml
 script-v1.0.schema.json   | True         | /Users/siddiq90/Documents/buildtest/tutorials/systemd.yml
 script-v1.0.schema.json   | True         | /Users/siddiq90/Documents/buildtest/tutorials/selinux.yml
 script-v1.0.schema.json   | True         | /Users/siddiq90/Documents/buildtest/tutorials/python-shell.yml
 script-v1.0.schema.json   | True         | /Users/siddiq90/Documents/buildtest/tutorials/vars.yml
 script-v1.0.schema.json   | True         | /Users/siddiq90/Documents/buildtest/tutorials/sleep.yml
 compiler-v1.0.schema.json | True         | /Users/siddiq90/Documents/buildtest/tutorials/compilers/gnu_hello.yml
 script-v1.0.schema.json   | True         | /Users/siddiq90/Documents/buildtest/tutorials/hello_world.yml

+----------------------+
| Stage: Building Test |
+----------------------+ 

 name                     | id       | type     | executor     | tags                     | testpath
--------------------------+----------+----------+--------------+--------------------------+---------------------------------------------------------------------------------------------------------------------------
 exit1_fail               | caeb1cd5 | script   | local.sh     | ['tutorials', 'fail']    | /Users/siddiq90/Documents/buildtest/var/tests/local.sh/pass_returncode/exit1_fail/8/stage/generate.sh
 exit1_pass               | 0b2fac5b | script   | local.sh     | ['tutorials', 'pass']    | /Users/siddiq90/Documents/buildtest/var/tests/local.sh/pass_returncode/exit1_pass/6/stage/generate.sh
 returncode_list_mismatch | 653f6fae | script   | local.sh     | ['tutorials', 'fail']    | /Users/siddiq90/Documents/buildtest/var/tests/local.sh/pass_returncode/returncode_list_mismatch/8/stage/generate.sh
 returncode_int_match     | 13d7cc98 | script   | local.sh     | ['tutorials', 'pass']    | /Users/siddiq90/Documents/buildtest/var/tests/local.sh/pass_returncode/returncode_int_match/6/stage/generate.sh
 run_only_platform_darwin | b27688fd | script   | local.python | ['tutorials']            | /Users/siddiq90/Documents/buildtest/var/tests/local.python/run_only_platform/run_only_platform_darwin/3/stage/generate.sh
 pre_post_build_run       | 143a9bb4 | compiler | local.bash   | ['tutorials', 'compile'] | /Users/siddiq90/Documents/buildtest/var/tests/local.bash/pre_post_build_run/pre_post_build_run/4/stage/generate.sh
 environment_variables    | 27625a4e | script   | local.bash   | ['tutorials']            | /Users/siddiq90/Documents/buildtest/var/tests/local.bash/environment/environment_variables/3/stage/generate.sh
 vecadd_gnu               | b048e564 | compiler | local.bash   | ['tutorials', 'compile'] | /Users/siddiq90/Documents/buildtest/var/tests/local.bash/vecadd/vecadd_gnu/5/stage/generate.sh
 bash_login_shebang       | 7d4303d1 | script   | local.bash   | tutorials                | /Users/siddiq90/Documents/buildtest/var/tests/local.bash/shebang/bash_login_shebang/4/stage/generate.sh
 bash_nonlogin_shebang    | d87c79c1 | script   | local.bash   | tutorials                | /Users/siddiq90/Documents/buildtest/var/tests/local.bash/shebang/bash_nonlogin_shebang/4/stage/generate.sh
 unskipped                | 013f04a2 | script   | local.bash   | ['tutorials']            | /Users/siddiq90/Documents/buildtest/var/tests/local.bash/skip_tests/unskipped/4/stage/generate.sh
 _bin_sh_shell            | 764fc41a | script   | local.sh     | ['tutorials']            | /Users/siddiq90/Documents/buildtest/var/tests/local.sh/shell_examples/_bin_sh_shell/6/stage/generate.sh
 _bin_bash_shell          | be2673cd | script   | local.bash   | ['tutorials']            | /Users/siddiq90/Documents/buildtest/var/tests/local.bash/shell_examples/_bin_bash_shell/5/stage/generate.sh
 bash_shell               | cb2805d5 | script   | local.bash   | ['tutorials']            | /Users/siddiq90/Documents/buildtest/var/tests/local.bash/shell_examples/bash_shell/5/stage/generate.sh
 sh_shell                 | 5966a1c2 | script   | local.sh     | ['tutorials']            | /Users/siddiq90/Documents/buildtest/var/tests/local.sh/shell_examples/sh_shell/6/stage/generate.sh
 shell_options            | 05ffa6cb | script   | local.sh     | ['tutorials']            | /Users/siddiq90/Documents/buildtest/var/tests/local.sh/shell_examples/shell_options/6/stage/generate.sh
 executable_arguments     | c6619fcc | compiler | local.bash   | ['tutorials', 'compile'] | /Users/siddiq90/Documents/buildtest/var/tests/local.bash/passing_args/executable_arguments/4/stage/generate.sh
 systemd_default_target   | 5d717ba8 | script   | local.bash   | ['tutorials']            | /Users/siddiq90/Documents/buildtest/var/tests/local.bash/systemd/systemd_default_target/6/stage/generate.sh
 selinux_disable          | 1df1ac5f | script   | local.bash   | ['tutorials']            | /Users/siddiq90/Documents/buildtest/var/tests/local.bash/selinux/selinux_disable/3/stage/generate.sh
 circle_area              | f0d12e1e | script   | local.python | ['tutorials', 'python']  | /Users/siddiq90/Documents/buildtest/var/tests/local.python/python-shell/circle_area/9/stage/generate.sh
 variables                | 3bd1a67a | script   | local.bash   | ['tutorials']            | /Users/siddiq90/Documents/buildtest/var/tests/local.bash/vars/variables/3/stage/generate.sh
 sleep                    | c39f3421 | script   | local.bash   | ['tutorials']            | /Users/siddiq90/Documents/buildtest/var/tests/local.bash/sleep/sleep/3/stage/generate.sh
 hello_f                  | 16de9e5d | compiler | local.bash   | ['tutorials', 'compile'] | /Users/siddiq90/Documents/buildtest/var/tests/local.bash/gnu_hello/hello_f/5/stage/generate.sh
 hello_c                  | c53af412 | compiler | local.bash   | ['tutorials', 'compile'] | /Users/siddiq90/Documents/buildtest/var/tests/local.bash/gnu_hello/hello_c/5/stage/generate.sh
 hello_cplusplus          | 5a599d47 | compiler | local.bash   | ['tutorials', 'compile'] | /Users/siddiq90/Documents/buildtest/var/tests/local.bash/gnu_hello/hello_cplusplus/5/stage/generate.sh
 cc_example               | 0818a978 | compiler | local.bash   | ['tutorials', 'compile'] | /Users/siddiq90/Documents/buildtest/var/tests/local.bash/gnu_hello/cc_example/5/stage/generate.sh
 fc_example               | 9b502366 | compiler | local.bash   | ['tutorials', 'compile'] | /Users/siddiq90/Documents/buildtest/var/tests/local.bash/gnu_hello/fc_example/5/stage/generate.sh
 cxx_example              | 79590f19 | compiler | local.bash   | ['tutorials', 'compile'] | /Users/siddiq90/Documents/buildtest/var/tests/local.bash/gnu_hello/cxx_example/5/stage/generate.sh
 hello_world              | 342ea38e | script   | local.bash   | tutorials                | /Users/siddiq90/Documents/buildtest/var/tests/local.bash/hello_world/hello_world/3/stage/generate.sh
