
+-------------------------------+
| Stage: Discovering Buildspecs |
+-------------------------------+ 
    

Discovered Buildspecs:
 
/Users/siddiq90/Documents/buildtest/tutorials/pass_returncode.yml
List of executors:  {'local.bash': local.bash, 'local.sh': local.sh, 'local.python': local.python}

+---------------------------+
| Stage: Parsing Buildspecs |
+---------------------------+ 
    
 schemafile              | validstate   | buildspec
-------------------------+--------------+-------------------------------------------------------------------
 script-v1.0.schema.json | True         | /Users/siddiq90/Documents/buildtest/tutorials/pass_returncode.yml

+----------------------+
| Stage: Building Test |
+----------------------+ 

 name                     | id       | type   | executor   | tags                  | testpath
--------------------------+----------+--------+------------+-----------------------+---------------------------------------------------------------------------------------------------------------------
 exit1_fail               | 98a2e55c | script | local.sh   | ['tutorials', 'fail'] | /Users/siddiq90/Documents/buildtest/var/tests/local.sh/pass_returncode/exit1_fail/9/stage/generate.sh
 exit1_pass               | 73b4fd50 | script | local.sh   | ['tutorials', 'pass'] | /Users/siddiq90/Documents/buildtest/var/tests/local.sh/pass_returncode/exit1_pass/7/stage/generate.sh
 returncode_list_mismatch | 87285388 | script | local.sh   | ['tutorials', 'fail'] | /Users/siddiq90/Documents/buildtest/var/tests/local.sh/pass_returncode/returncode_list_mismatch/9/stage/generate.sh
 returncode_int_match     | 88197672 | script | local.sh   | ['tutorials', 'pass'] | /Users/siddiq90/Documents/buildtest/var/tests/local.sh/pass_returncode/returncode_int_match/7/stage/generate.sh

+----------------------+
| Stage: Running Test  |
+----------------------+ 
    
 name                     | id       | executor   | status   |   returncode | testpath
--------------------------+----------+------------+----------+--------------+---------------------------------------------------------------------------------------------------------------------
 exit1_fail               | 98a2e55c | local.sh   | FAIL     |            1 | /Users/siddiq90/Documents/buildtest/var/tests/local.sh/pass_returncode/exit1_fail/9/stage/generate.sh
 exit1_pass               | 73b4fd50 | local.sh   | PASS     |            1 | /Users/siddiq90/Documents/buildtest/var/tests/local.sh/pass_returncode/exit1_pass/7/stage/generate.sh
 returncode_list_mismatch | 87285388 | local.sh   | FAIL     |            2 | /Users/siddiq90/Documents/buildtest/var/tests/local.sh/pass_returncode/returncode_list_mismatch/9/stage/generate.sh
 returncode_int_match     | 88197672 | local.sh   | PASS     |          128 | /Users/siddiq90/Documents/buildtest/var/tests/local.sh/pass_returncode/returncode_int_match/7/stage/generate.sh

+----------------------+
| Stage: Test Summary  |
+----------------------+ 
    
Executed 4 tests
Passed Tests: 2/4 Percentage: 50.000%
Failed Tests: 2/4 Percentage: 50.000%



